06-02 00:41:51 com_github_MitjaNemec_Archive3DModels.action_archive_3d_models 220:Plugin executed on: 'win32'
06-02 00:41:51 com_github_MitjaNemec_Archive3DModels.action_archive_3d_models 221:Plugin executed with python version: '3.11.5 (main, Apr  9 2024, 02:53:56) [MSC v.1936 64 bit (AMD64)]'
06-02 00:41:51 com_github_MitjaNemec_Archive3DModels.action_archive_3d_models 222:KiCad build version: 8.0.2
06-02 00:41:51 com_github_MitjaNemec_Archive3DModels.action_archive_3d_models 223:Plugin version: 1.0.12

06-02 00:41:51 com_github_MitjaNemec_Archive3DModels.action_archive_3d_models 228:Screen sizes: [wx.Size(1920, 1080), wx.Size(1920, 1080), wx.Size(1920, 1080)]
06-02 00:41:51 com_github_MitjaNemec_Archive3DModels.action_archive_3d_models 235:Dialog size: wx.Size(213, 81)
06-02 00:41:51 com_github_MitjaNemec_Archive3DModels.action_archive_3d_models 237:Char size: 15
06-02 00:41:52 com_github_MitjaNemec_Archive3DModels.archive_3d_models 26:Starting to archive 3D models
06-02 00:41:52 com_github_MitjaNemec_Archive3DModels.archive_3d_models 47:Getting 3D models for footprint of: SW2
06-02 00:41:52 com_github_MitjaNemec_Archive3DModels.archive_3d_models 59:Trying to copy: ${KIPRJMOD}/Packages3D/SW_SPST_REED_CT05-XXXX-G1.wrl
06-02 00:41:52 com_github_MitjaNemec_Archive3DModels.archive_3d_models 139:Remapping: ${KIPRJMOD}/Packages3D/SW_SPST_REED_CT05-XXXX-G1.wrl
06-02 00:41:52 com_github_MitjaNemec_Archive3DModels.archive_3d_models 47:Getting 3D models for footprint of: R12
06-02 00:41:52 com_github_MitjaNemec_Archive3DModels.archive_3d_models 59:Trying to copy: ${KIPRJMOD}/Packages3D/R_1206_3216Metric.wrl
06-02 00:41:52 com_github_MitjaNemec_Archive3DModels.archive_3d_models 139:Remapping: ${KIPRJMOD}/Packages3D/R_1206_3216Metric.wrl
06-02 00:41:52 com_github_MitjaNemec_Archive3DModels.archive_3d_models 47:Getting 3D models for footprint of: J6
06-02 00:41:52 com_github_MitjaNemec_Archive3DModels.archive_3d_models 59:Trying to copy: ${KIPRJMOD}/Packages3D/PinHeader_1x03_P2.54mm_Vertical.wrl
06-02 00:41:52 com_github_MitjaNemec_Archive3DModels.archive_3d_models 139:Remapping: ${KIPRJMOD}/Packages3D/PinHeader_1x03_P2.54mm_Vertical.wrl
06-02 00:41:52 com_github_MitjaNemec_Archive3DModels.archive_3d_models 47:Getting 3D models for footprint of: J13
06-02 00:41:52 com_github_MitjaNemec_Archive3DModels.archive_3d_models 59:Trying to copy: ${KIPRJMOD}/Packages3D/PinSocket_1x04_P2.54mm_Vertical.wrl
06-02 00:41:52 com_github_MitjaNemec_Archive3DModels.archive_3d_models 139:Remapping: ${KIPRJMOD}/Packages3D/PinSocket_1x04_P2.54mm_Vertical.wrl
06-02 00:41:52 com_github_MitjaNemec_Archive3DModels.archive_3d_models 59:Trying to copy: ${KIPRJMOD}/Packages3D/128x32-OLED.STEP
06-02 00:41:52 com_github_MitjaNemec_Archive3DModels.archive_3d_models 139:Remapping: ${KIPRJMOD}/Packages3D/128x32-OLED.STEP
06-02 00:41:52 com_github_MitjaNemec_Archive3DModels.archive_3d_models 47:Getting 3D models for footprint of: J5
06-02 00:41:52 com_github_MitjaNemec_Archive3DModels.archive_3d_models 59:Trying to copy: ${KIPRJMOD}/Packages3D/PinSocket_1x06_P2.54mm_Vertical.wrl
06-02 00:41:52 com_github_MitjaNemec_Archive3DModels.archive_3d_models 139:Remapping: ${KIPRJMOD}/Packages3D/PinSocket_1x06_P2.54mm_Vertical.wrl
06-02 00:41:52 com_github_MitjaNemec_Archive3DModels.archive_3d_models 47:Getting 3D models for footprint of: J3
06-02 00:41:52 com_github_MitjaNemec_Archive3DModels.archive_3d_models 59:Trying to copy: ${KIPRJMOD}/Packages3D/PinSocket_1x06_P2.54mm_Vertical.wrl
06-02 00:41:52 com_github_MitjaNemec_Archive3DModels.archive_3d_models 139:Remapping: ${KIPRJMOD}/Packages3D/PinSocket_1x06_P2.54mm_Vertical.wrl
06-02 00:41:52 com_github_MitjaNemec_Archive3DModels.archive_3d_models 47:Getting 3D models for footprint of: J11
06-02 00:41:52 com_github_MitjaNemec_Archive3DModels.archive_3d_models 59:Trying to copy: ${KIPRJMOD}/Packages3D/Component - Canon LP-E6 (Canon 5D).igs
06-02 00:41:52 com_github_MitjaNemec_Archive3DModels.archive_3d_models 139:Remapping: ${KIPRJMOD}/Packages3D/Component - Canon LP-E6 (Canon 5D).igs
06-02 00:41:52 com_github_MitjaNemec_Archive3DModels.archive_3d_models 47:Getting 3D models for footprint of: U4
06-02 00:41:52 com_github_MitjaNemec_Archive3DModels.archive_3d_models 59:Trying to copy: ${KIPRJMOD}/Packages3D/61300815721 (rev1).stp
06-02 00:41:52 com_github_MitjaNemec_Archive3DModels.archive_3d_models 139:Remapping: ${KIPRJMOD}/Packages3D/61300815721 (rev1).stp
06-02 00:41:52 com_github_MitjaNemec_Archive3DModels.archive_3d_models 59:Trying to copy: ${KIPRJMOD}/Packages3D/61300815721 (rev1).stp
06-02 00:41:52 com_github_MitjaNemec_Archive3DModels.archive_3d_models 139:Remapping: ${KIPRJMOD}/Packages3D/61300815721 (rev1).stp
06-02 00:41:52 com_github_MitjaNemec_Archive3DModels.archive_3d_models 59:Trying to copy: ${KIPRJMOD}/Packages3D/TMC2208_SILENTSTEPSTICK.step
06-02 00:41:52 com_github_MitjaNemec_Archive3DModels.archive_3d_models 139:Remapping: ${KIPRJMOD}/Packages3D/TMC2208_SILENTSTEPSTICK.step
06-02 00:41:52 com_github_MitjaNemec_Archive3DModels.archive_3d_models 47:Getting 3D models for footprint of: U3
06-02 00:41:52 com_github_MitjaNemec_Archive3DModels.archive_3d_models 59:Trying to copy: ${KIPRJMOD}/Packages3D/61300815721 (rev1).stp
06-02 00:41:52 com_github_MitjaNemec_Archive3DModels.archive_3d_models 139:Remapping: ${KIPRJMOD}/Packages3D/61300815721 (rev1).stp
06-02 00:41:52 com_github_MitjaNemec_Archive3DModels.archive_3d_models 59:Trying to copy: ${KIPRJMOD}/Packages3D/61300815721 (rev1).stp
06-02 00:41:52 com_github_MitjaNemec_Archive3DModels.archive_3d_models 139:Remapping: ${KIPRJMOD}/Packages3D/61300815721 (rev1).stp
06-02 00:41:52 com_github_MitjaNemec_Archive3DModels.archive_3d_models 59:Trying to copy: ${KIPRJMOD}/Packages3D/TMC2208_SILENTSTEPSTICK.step
06-02 00:41:52 com_github_MitjaNemec_Archive3DModels.archive_3d_models 139:Remapping: ${KIPRJMOD}/Packages3D/TMC2208_SILENTSTEPSTICK.step
06-02 00:41:52 com_github_MitjaNemec_Archive3DModels.archive_3d_models 47:Getting 3D models for footprint of: SW3
06-02 00:41:52 com_github_MitjaNemec_Archive3DModels.archive_3d_models 59:Trying to copy: ${KIPRJMOD}/Packages3D/UB16SKW03N-C.stp
06-02 00:41:52 com_github_MitjaNemec_Archive3DModels.archive_3d_models 139:Remapping: ${KIPRJMOD}/Packages3D/UB16SKW03N-C.stp
06-02 00:41:52 com_github_MitjaNemec_Archive3DModels.archive_3d_models 47:Getting 3D models for footprint of: H2
06-02 00:41:52 com_github_MitjaNemec_Archive3DModels.archive_3d_models 47:Getting 3D models for footprint of: H4
06-02 00:41:52 com_github_MitjaNemec_Archive3DModels.archive_3d_models 47:Getting 3D models for footprint of: H1
06-02 00:41:52 com_github_MitjaNemec_Archive3DModels.archive_3d_models 47:Getting 3D models for footprint of: R1
06-02 00:41:52 com_github_MitjaNemec_Archive3DModels.archive_3d_models 59:Trying to copy: ${KIPRJMOD}/Packages3D/R_1206_3216Metric.wrl
06-02 00:41:52 com_github_MitjaNemec_Archive3DModels.archive_3d_models 139:Remapping: ${KIPRJMOD}/Packages3D/R_1206_3216Metric.wrl
06-02 00:41:52 com_github_MitjaNemec_Archive3DModels.archive_3d_models 47:Getting 3D models for footprint of: C9
06-02 00:41:52 com_github_MitjaNemec_Archive3DModels.archive_3d_models 59:Trying to copy: ${KIPRJMOD}/Packages3D/C_1206_3216Metric.wrl
06-02 00:41:52 com_github_MitjaNemec_Archive3DModels.archive_3d_models 139:Remapping: ${KIPRJMOD}/Packages3D/C_1206_3216Metric.wrl
06-02 00:41:52 com_github_MitjaNemec_Archive3DModels.archive_3d_models 47:Getting 3D models for footprint of: J10
06-02 00:41:52 com_github_MitjaNemec_Archive3DModels.archive_3d_models 59:Trying to copy: ${KIPRJMOD}/Packages3D/PinHeader_1x03_P2.54mm_Vertical.wrl
06-02 00:41:52 com_github_MitjaNemec_Archive3DModels.archive_3d_models 139:Remapping: ${KIPRJMOD}/Packages3D/PinHeader_1x03_P2.54mm_Vertical.wrl
06-02 00:41:52 com_github_MitjaNemec_Archive3DModels.archive_3d_models 47:Getting 3D models for footprint of: C1
06-02 00:41:52 com_github_MitjaNemec_Archive3DModels.archive_3d_models 59:Trying to copy: ${KIPRJMOD}/Packages3D/CP_Elec_5x5.4.wrl
06-02 00:41:52 com_github_MitjaNemec_Archive3DModels.archive_3d_models 139:Remapping: ${KIPRJMOD}/Packages3D/CP_Elec_5x5.4.wrl
06-02 00:41:52 com_github_MitjaNemec_Archive3DModels.archive_3d_models 47:Getting 3D models for footprint of: R9
06-02 00:41:52 com_github_MitjaNemec_Archive3DModels.archive_3d_models 59:Trying to copy: ${KIPRJMOD}/Packages3D/R_1206_3216Metric.wrl
06-02 00:41:52 com_github_MitjaNemec_Archive3DModels.archive_3d_models 139:Remapping: ${KIPRJMOD}/Packages3D/R_1206_3216Metric.wrl
06-02 00:41:52 com_github_MitjaNemec_Archive3DModels.archive_3d_models 47:Getting 3D models for footprint of: D7
06-02 00:41:52 com_github_MitjaNemec_Archive3DModels.archive_3d_models 59:Trying to copy: ${KIPRJMOD}/Packages3D/D_SOD-523.wrl
06-02 00:41:52 com_github_MitjaNemec_Archive3DModels.archive_3d_models 139:Remapping: ${KIPRJMOD}/Packages3D/D_SOD-523.wrl
06-02 00:41:52 com_github_MitjaNemec_Archive3DModels.archive_3d_models 47:Getting 3D models for footprint of: C7
06-02 00:41:52 com_github_MitjaNemec_Archive3DModels.archive_3d_models 59:Trying to copy: ${KIPRJMOD}/Packages3D/CP_Radial_D8.0mm_P3.80mm.wrl
06-02 00:41:52 com_github_MitjaNemec_Archive3DModels.archive_3d_models 139:Remapping: ${KIPRJMOD}/Packages3D/CP_Radial_D8.0mm_P3.80mm.wrl
06-02 00:41:52 com_github_MitjaNemec_Archive3DModels.archive_3d_models 47:Getting 3D models for footprint of: SWBoot1
06-02 00:41:52 com_github_MitjaNemec_Archive3DModels.archive_3d_models 59:Trying to copy: ${KIPRJMOD}/Packages3D/SW_SPST_CK_RS282G05A3.wrl
06-02 00:41:52 com_github_MitjaNemec_Archive3DModels.archive_3d_models 139:Remapping: ${KIPRJMOD}/Packages3D/SW_SPST_CK_RS282G05A3.wrl
06-02 00:41:52 com_github_MitjaNemec_Archive3DModels.archive_3d_models 47:Getting 3D models for footprint of: D4
06-02 00:41:52 com_github_MitjaNemec_Archive3DModels.archive_3d_models 59:Trying to copy: ${KIPRJMOD}/Packages3D/LED_1206_3216Metric.wrl
06-02 00:41:52 com_github_MitjaNemec_Archive3DModels.archive_3d_models 139:Remapping: ${KIPRJMOD}/Packages3D/LED_1206_3216Metric.wrl
06-02 00:41:52 com_github_MitjaNemec_Archive3DModels.archive_3d_models 47:Getting 3D models for footprint of: R2
06-02 00:41:52 com_github_MitjaNemec_Archive3DModels.archive_3d_models 59:Trying to copy: ${KIPRJMOD}/Packages3D/R_1206_3216Metric.wrl
06-02 00:41:52 com_github_MitjaNemec_Archive3DModels.archive_3d_models 139:Remapping: ${KIPRJMOD}/Packages3D/R_1206_3216Metric.wrl
06-02 00:41:52 com_github_MitjaNemec_Archive3DModels.archive_3d_models 47:Getting 3D models for footprint of: D6
06-02 00:41:52 com_github_MitjaNemec_Archive3DModels.archive_3d_models 59:Trying to copy: ${KIPRJMOD}/Packages3D/D_SOD-523.wrl
06-02 00:41:52 com_github_MitjaNemec_Archive3DModels.archive_3d_models 139:Remapping: ${KIPRJMOD}/Packages3D/D_SOD-523.wrl
06-02 00:41:52 com_github_MitjaNemec_Archive3DModels.archive_3d_models 47:Getting 3D models for footprint of: SWEn1
06-02 00:41:52 com_github_MitjaNemec_Archive3DModels.archive_3d_models 59:Trying to copy: ${KIPRJMOD}/Packages3D/SW_SPST_CK_RS282G05A3.wrl
06-02 00:41:52 com_github_MitjaNemec_Archive3DModels.archive_3d_models 139:Remapping: ${KIPRJMOD}/Packages3D/SW_SPST_CK_RS282G05A3.wrl
06-02 00:41:52 com_github_MitjaNemec_Archive3DModels.archive_3d_models 47:Getting 3D models for footprint of: R11
06-02 00:41:52 com_github_MitjaNemec_Archive3DModels.archive_3d_models 59:Trying to copy: ${KIPRJMOD}/Packages3D/R_1206_3216Metric.wrl
06-02 00:41:52 com_github_MitjaNemec_Archive3DModels.archive_3d_models 139:Remapping: ${KIPRJMOD}/Packages3D/R_1206_3216Metric.wrl
06-02 00:41:52 com_github_MitjaNemec_Archive3DModels.archive_3d_models 47:Getting 3D models for footprint of: U1
06-02 00:41:52 com_github_MitjaNemec_Archive3DModels.archive_3d_models 59:Trying to copy: ${KIPRJMOD}/Packages3D/ESP32-S3-WROOM-1U.STEP
06-02 00:41:52 com_github_MitjaNemec_Archive3DModels.archive_3d_models 139:Remapping: ${KIPRJMOD}/Packages3D/ESP32-S3-WROOM-1U.STEP
06-02 00:41:52 com_github_MitjaNemec_Archive3DModels.archive_3d_models 47:Getting 3D models for footprint of: C2
06-02 00:41:52 com_github_MitjaNemec_Archive3DModels.archive_3d_models 59:Trying to copy: ${KIPRJMOD}/Packages3D/CP_EIA-3528-12_Kemet-T.wrl
06-02 00:41:52 com_github_MitjaNemec_Archive3DModels.archive_3d_models 139:Remapping: ${KIPRJMOD}/Packages3D/CP_EIA-3528-12_Kemet-T.wrl
06-02 00:41:52 com_github_MitjaNemec_Archive3DModels.archive_3d_models 47:Getting 3D models for footprint of: J4
06-02 00:41:52 com_github_MitjaNemec_Archive3DModels.archive_3d_models 59:Trying to copy: ${KIPRJMOD}/Packages3D/PinHeader_1x03_P2.54mm_Vertical.wrl
06-02 00:41:52 com_github_MitjaNemec_Archive3DModels.archive_3d_models 139:Remapping: ${KIPRJMOD}/Packages3D/PinHeader_1x03_P2.54mm_Vertical.wrl
06-02 00:41:52 com_github_MitjaNemec_Archive3DModels.archive_3d_models 47:Getting 3D models for footprint of: C4
06-02 00:41:52 com_github_MitjaNemec_Archive3DModels.archive_3d_models 59:Trying to copy: ${KIPRJMOD}/Packages3D/C_1206_3216Metric.wrl
06-02 00:41:52 com_github_MitjaNemec_Archive3DModels.archive_3d_models 139:Remapping: ${KIPRJMOD}/Packages3D/C_1206_3216Metric.wrl
06-02 00:41:52 com_github_MitjaNemec_Archive3DModels.archive_3d_models 47:Getting 3D models for footprint of: J1
06-02 00:41:52 com_github_MitjaNemec_Archive3DModels.archive_3d_models 59:Trying to copy: ${KIPRJMOD}/Packages3D/PinHeader_2x02_P2.54mm_Vertical.wrl
06-02 00:41:52 com_github_MitjaNemec_Archive3DModels.archive_3d_models 139:Remapping: ${KIPRJMOD}/Packages3D/PinHeader_2x02_P2.54mm_Vertical.wrl
06-02 00:41:52 com_github_MitjaNemec_Archive3DModels.archive_3d_models 47:Getting 3D models for footprint of: C6
06-02 00:41:52 com_github_MitjaNemec_Archive3DModels.archive_3d_models 59:Trying to copy: ${KIPRJMOD}/Packages3D/CP_Radial_D8.0mm_P3.80mm.wrl
06-02 00:41:52 com_github_MitjaNemec_Archive3DModels.archive_3d_models 139:Remapping: ${KIPRJMOD}/Packages3D/CP_Radial_D8.0mm_P3.80mm.wrl
06-02 00:41:52 com_github_MitjaNemec_Archive3DModels.archive_3d_models 47:Getting 3D models for footprint of: D8
06-02 00:41:52 com_github_MitjaNemec_Archive3DModels.archive_3d_models 59:Trying to copy: ${KIPRJMOD}/Packages3D/LED_1206_3216Metric.wrl
06-02 00:41:52 com_github_MitjaNemec_Archive3DModels.archive_3d_models 139:Remapping: ${KIPRJMOD}/Packages3D/LED_1206_3216Metric.wrl
06-02 00:41:52 com_github_MitjaNemec_Archive3DModels.archive_3d_models 47:Getting 3D models for footprint of: D2
06-02 00:41:52 com_github_MitjaNemec_Archive3DModels.archive_3d_models 59:Trying to copy: ${KIPRJMOD}/Packages3D/D_SMA.wrl
06-02 00:41:52 com_github_MitjaNemec_Archive3DModels.archive_3d_models 139:Remapping: ${KIPRJMOD}/Packages3D/D_SMA.wrl
06-02 00:41:52 com_github_MitjaNemec_Archive3DModels.archive_3d_models 47:Getting 3D models for footprint of: D5
06-02 00:41:52 com_github_MitjaNemec_Archive3DModels.archive_3d_models 59:Trying to copy: ${KIPRJMOD}/Packages3D/LED_1206_3216Metric.wrl
06-02 00:41:52 com_github_MitjaNemec_Archive3DModels.archive_3d_models 139:Remapping: ${KIPRJMOD}/Packages3D/LED_1206_3216Metric.wrl
06-02 00:41:52 com_github_MitjaNemec_Archive3DModels.archive_3d_models 47:Getting 3D models for footprint of: R10
06-02 00:41:52 com_github_MitjaNemec_Archive3DModels.archive_3d_models 59:Trying to copy: ${KIPRJMOD}/Packages3D/R_1206_3216Metric.wrl
06-02 00:41:52 com_github_MitjaNemec_Archive3DModels.archive_3d_models 139:Remapping: ${KIPRJMOD}/Packages3D/R_1206_3216Metric.wrl
06-02 00:41:52 com_github_MitjaNemec_Archive3DModels.archive_3d_models 47:Getting 3D models for footprint of: R4
06-02 00:41:52 com_github_MitjaNemec_Archive3DModels.archive_3d_models 59:Trying to copy: ${KIPRJMOD}/Packages3D/R_1206_3216Metric.wrl
06-02 00:41:52 com_github_MitjaNemec_Archive3DModels.archive_3d_models 139:Remapping: ${KIPRJMOD}/Packages3D/R_1206_3216Metric.wrl
06-02 00:41:52 com_github_MitjaNemec_Archive3DModels.archive_3d_models 47:Getting 3D models for footprint of: C5
06-02 00:41:52 com_github_MitjaNemec_Archive3DModels.archive_3d_models 59:Trying to copy: ${KIPRJMOD}/Packages3D/C_1206_3216Metric.wrl
06-02 00:41:52 com_github_MitjaNemec_Archive3DModels.archive_3d_models 139:Remapping: ${KIPRJMOD}/Packages3D/C_1206_3216Metric.wrl
06-02 00:41:52 com_github_MitjaNemec_Archive3DModels.archive_3d_models 47:Getting 3D models for footprint of: R7
06-02 00:41:52 com_github_MitjaNemec_Archive3DModels.archive_3d_models 59:Trying to copy: ${KIPRJMOD}/Packages3D/R_1206_3216Metric.wrl
06-02 00:41:52 com_github_MitjaNemec_Archive3DModels.archive_3d_models 139:Remapping: ${KIPRJMOD}/Packages3D/R_1206_3216Metric.wrl
06-02 00:41:52 com_github_MitjaNemec_Archive3DModels.archive_3d_models 47:Getting 3D models for footprint of: J7
06-02 00:41:52 com_github_MitjaNemec_Archive3DModels.archive_3d_models 59:Trying to copy: ${KIPRJMOD}/Packages3D/PinHeader_1x04_P2.54mm_Vertical.wrl
06-02 00:41:52 com_github_MitjaNemec_Archive3DModels.archive_3d_models 139:Remapping: ${KIPRJMOD}/Packages3D/PinHeader_1x04_P2.54mm_Vertical.wrl
06-02 00:41:52 com_github_MitjaNemec_Archive3DModels.archive_3d_models 47:Getting 3D models for footprint of: U2
06-02 00:41:52 com_github_MitjaNemec_Archive3DModels.archive_3d_models 59:Trying to copy: ${KIPRJMOD}/Packages3D/SOT-223.wrl
06-02 00:41:52 com_github_MitjaNemec_Archive3DModels.archive_3d_models 139:Remapping: ${KIPRJMOD}/Packages3D/SOT-223.wrl
06-02 00:41:52 com_github_MitjaNemec_Archive3DModels.archive_3d_models 47:Getting 3D models for footprint of: C8
06-02 00:41:52 com_github_MitjaNemec_Archive3DModels.archive_3d_models 59:Trying to copy: ${KIPRJMOD}/Packages3D/C_1206_3216Metric.wrl
06-02 00:41:52 com_github_MitjaNemec_Archive3DModels.archive_3d_models 139:Remapping: ${KIPRJMOD}/Packages3D/C_1206_3216Metric.wrl
06-02 00:41:52 com_github_MitjaNemec_Archive3DModels.archive_3d_models 47:Getting 3D models for footprint of: R6
06-02 00:41:52 com_github_MitjaNemec_Archive3DModels.archive_3d_models 59:Trying to copy: ${KIPRJMOD}/Packages3D/R_1206_3216Metric.wrl
06-02 00:41:52 com_github_MitjaNemec_Archive3DModels.archive_3d_models 139:Remapping: ${KIPRJMOD}/Packages3D/R_1206_3216Metric.wrl
06-02 00:41:52 com_github_MitjaNemec_Archive3DModels.archive_3d_models 47:Getting 3D models for footprint of: D1
06-02 00:41:52 com_github_MitjaNemec_Archive3DModels.archive_3d_models 59:Trying to copy: ${KIPRJMOD}/Packages3D/LED_WS2812B_PLCC4_5.0x5.0mm_P3.2mm.wrl
06-02 00:41:52 com_github_MitjaNemec_Archive3DModels.archive_3d_models 139:Remapping: ${KIPRJMOD}/Packages3D/LED_WS2812B_PLCC4_5.0x5.0mm_P3.2mm.wrl
06-02 00:41:52 com_github_MitjaNemec_Archive3DModels.archive_3d_models 47:Getting 3D models for footprint of: C10
06-02 00:41:52 com_github_MitjaNemec_Archive3DModels.archive_3d_models 59:Trying to copy: ${KIPRJMOD}/Packages3D/C_1206_3216Metric.wrl
06-02 00:41:52 com_github_MitjaNemec_Archive3DModels.archive_3d_models 139:Remapping: ${KIPRJMOD}/Packages3D/C_1206_3216Metric.wrl
06-02 00:41:52 com_github_MitjaNemec_Archive3DModels.archive_3d_models 47:Getting 3D models for footprint of: J2
06-02 00:41:52 com_github_MitjaNemec_Archive3DModels.archive_3d_models 59:Trying to copy: ${KIPRJMOD}/Libraries/USB-type-B.STEP
06-02 00:41:52 com_github_MitjaNemec_Archive3DModels.archive_3d_models 139:Remapping: ${KIPRJMOD}/Libraries/USB-type-B.STEP
06-02 00:41:52 com_github_MitjaNemec_Archive3DModels.archive_3d_models 47:Getting 3D models for footprint of: R3
06-02 00:41:52 com_github_MitjaNemec_Archive3DModels.archive_3d_models 59:Trying to copy: ${KIPRJMOD}/Packages3D/R_1206_3216Metric.wrl
06-02 00:41:52 com_github_MitjaNemec_Archive3DModels.archive_3d_models 139:Remapping: ${KIPRJMOD}/Packages3D/R_1206_3216Metric.wrl
06-02 00:41:52 com_github_MitjaNemec_Archive3DModels.archive_3d_models 47:Getting 3D models for footprint of: R5
06-02 00:41:52 com_github_MitjaNemec_Archive3DModels.archive_3d_models 59:Trying to copy: ${KIPRJMOD}/Packages3D/R_1206_3216Metric.wrl
06-02 00:41:52 com_github_MitjaNemec_Archive3DModels.archive_3d_models 139:Remapping: ${KIPRJMOD}/Packages3D/R_1206_3216Metric.wrl
06-02 00:41:52 com_github_MitjaNemec_Archive3DModels.archive_3d_models 47:Getting 3D models for footprint of: D3
06-02 00:41:52 com_github_MitjaNemec_Archive3DModels.archive_3d_models 59:Trying to copy: ${KIPRJMOD}/Packages3D/LED_1206_3216Metric.wrl
06-02 00:41:52 com_github_MitjaNemec_Archive3DModels.archive_3d_models 139:Remapping: ${KIPRJMOD}/Packages3D/LED_1206_3216Metric.wrl
06-02 00:41:52 com_github_MitjaNemec_Archive3DModels.archive_3d_models 47:Getting 3D models for footprint of: SW1
06-02 00:41:52 com_github_MitjaNemec_Archive3DModels.archive_3d_models 59:Trying to copy: ${KIPRJMOD}/Packages3D/SK-12D10 1P2T.step
06-02 00:41:52 com_github_MitjaNemec_Archive3DModels.archive_3d_models 139:Remapping: ${KIPRJMOD}/Packages3D/SK-12D10 1P2T.step
06-02 00:41:52 com_github_MitjaNemec_Archive3DModels.archive_3d_models 47:Getting 3D models for footprint of: J8
06-02 00:41:52 com_github_MitjaNemec_Archive3DModels.archive_3d_models 59:Trying to copy: ${KIPRJMOD}/Packages3D/PinHeader_1x04_P2.54mm_Vertical.wrl
06-02 00:41:52 com_github_MitjaNemec_Archive3DModels.archive_3d_models 139:Remapping: ${KIPRJMOD}/Packages3D/PinHeader_1x04_P2.54mm_Vertical.wrl
06-02 00:41:52 com_github_MitjaNemec_Archive3DModels.archive_3d_models 47:Getting 3D models for footprint of: R8
06-02 00:41:52 com_github_MitjaNemec_Archive3DModels.archive_3d_models 59:Trying to copy: ${KIPRJMOD}/Packages3D/R_1206_3216Metric.wrl
06-02 00:41:52 com_github_MitjaNemec_Archive3DModels.archive_3d_models 139:Remapping: ${KIPRJMOD}/Packages3D/R_1206_3216Metric.wrl
06-02 00:41:52 com_github_MitjaNemec_Archive3DModels.archive_3d_models 47:Getting 3D models for footprint of: H3
06-02 00:41:52 com_github_MitjaNemec_Archive3DModels.archive_3d_models 47:Getting 3D models for footprint of: C3
06-02 00:41:52 com_github_MitjaNemec_Archive3DModels.archive_3d_models 59:Trying to copy: ${KIPRJMOD}/Packages3D/C_1206_3216Metric.wrl
06-02 00:41:52 com_github_MitjaNemec_Archive3DModels.archive_3d_models 139:Remapping: ${KIPRJMOD}/Packages3D/C_1206_3216Metric.wrl
